[2023-08-16 20:21:34] local.ERROR: Object of class Laravel\Lumen\Routing\Router could not be converted to string {"exception":"[object] (Error(code: 0): Object of class Laravel\\Lumen\\Routing\\Router could not be converted to string at D:\\newborn1212\\backend\\routes\\web.php:7)
[stacktrace]
#0 D:\\newborn1212\\backend\\bootstrap\\app.php(120): require()
#1 D:\\newborn1212\\backend\\vendor\\laravel\\lumen-framework\\src\\Routing\\Router.php(62): {closure}(Object(Laravel\\Lumen\\Routing\\Router))
#2 D:\\newborn1212\\backend\\bootstrap\\app.php(121): Laravel\\Lumen\\Routing\\Router->group(Array, Object(Closure))
#3 D:\\newborn1212\\backend\\public\\index.php(14): require('D:\\\\newborn1212\\\\...')
#4 {main}
"} 
[2023-08-16 20:21:35] local.ERROR: Object of class Laravel\Lumen\Routing\Router could not be converted to string {"exception":"[object] (Error(code: 0): Object of class Laravel\\Lumen\\Routing\\Router could not be converted to string at D:\\newborn1212\\backend\\routes\\web.php:7)
[stacktrace]
#0 D:\\newborn1212\\backend\\bootstrap\\app.php(120): require()
#1 D:\\newborn1212\\backend\\vendor\\laravel\\lumen-framework\\src\\Routing\\Router.php(62): {closure}(Object(Laravel\\Lumen\\Routing\\Router))
#2 D:\\newborn1212\\backend\\bootstrap\\app.php(121): Laravel\\Lumen\\Routing\\Router->group(Array, Object(Closure))
#3 D:\\newborn1212\\backend\\public\\index.php(14): require('D:\\\\newborn1212\\\\...')
#4 {main}
"} 
[2023-08-16 20:22:04] local.ERROR: Object of class Laravel\Lumen\Routing\Router could not be converted to string {"exception":"[object] (Error(code: 0): Object of class Laravel\\Lumen\\Routing\\Router could not be converted to string at D:\\newborn1212\\backend\\routes\\web.php:7)
[stacktrace]
#0 D:\\newborn1212\\backend\\bootstrap\\app.php(120): require()
#1 D:\\newborn1212\\backend\\vendor\\laravel\\lumen-framework\\src\\Routing\\Router.php(62): {closure}(Object(Laravel\\Lumen\\Routing\\Router))
#2 D:\\newborn1212\\backend\\bootstrap\\app.php(121): Laravel\\Lumen\\Routing\\Router->group(Array, Object(Closure))
#3 D:\\newborn1212\\backend\\public\\index.php(14): require('D:\\\\newborn1212\\\\...')
#4 {main}
"} 
[2023-08-16 20:22:21] local.ERROR: Object of class Laravel\Lumen\Routing\Router could not be converted to string {"exception":"[object] (Error(code: 0): Object of class Laravel\\Lumen\\Routing\\Router could not be converted to string at D:\\newborn1212\\backend\\routes\\web.php:7)
[stacktrace]
#0 D:\\newborn1212\\backend\\bootstrap\\app.php(120): require()
#1 D:\\newborn1212\\backend\\vendor\\laravel\\lumen-framework\\src\\Routing\\Router.php(62): {closure}(Object(Laravel\\Lumen\\Routing\\Router))
#2 D:\\newborn1212\\backend\\bootstrap\\app.php(121): Laravel\\Lumen\\Routing\\Router->group(Array, Object(Closure))
#3 D:\\newborn1212\\backend\\public\\index.php(14): require('D:\\\\newborn1212\\\\...')
#4 {main}
"} 
[2023-08-16 20:22:23] local.ERROR: Object of class Laravel\Lumen\Routing\Router could not be converted to string {"exception":"[object] (Error(code: 0): Object of class Laravel\\Lumen\\Routing\\Router could not be converted to string at D:\\newborn1212\\backend\\routes\\web.php:7)
[stacktrace]
#0 D:\\newborn1212\\backend\\bootstrap\\app.php(120): require()
#1 D:\\newborn1212\\backend\\vendor\\laravel\\lumen-framework\\src\\Routing\\Router.php(62): {closure}(Object(Laravel\\Lumen\\Routing\\Router))
#2 D:\\newborn1212\\backend\\bootstrap\\app.php(121): Laravel\\Lumen\\Routing\\Router->group(Array, Object(Closure))
#3 D:\\newborn1212\\backend\\public\\index.php(14): require('D:\\\\newborn1212\\\\...')
#4 {main}
"} 
[2023-08-16 20:22:23] local.ERROR: Object of class Laravel\Lumen\Routing\Router could not be converted to string {"exception":"[object] (Error(code: 0): Object of class Laravel\\Lumen\\Routing\\Router could not be converted to string at D:\\newborn1212\\backend\\routes\\web.php:7)
[stacktrace]
#0 D:\\newborn1212\\backend\\bootstrap\\app.php(120): require()
#1 D:\\newborn1212\\backend\\vendor\\laravel\\lumen-framework\\src\\Routing\\Router.php(62): {closure}(Object(Laravel\\Lumen\\Routing\\Router))
#2 D:\\newborn1212\\backend\\bootstrap\\app.php(121): Laravel\\Lumen\\Routing\\Router->group(Array, Object(Closure))
#3 D:\\newborn1212\\backend\\public\\index.php(14): require('D:\\\\newborn1212\\\\...')
#4 {main}
"} 
[2023-08-16 20:23:36] local.ERROR: Object of class Laravel\Lumen\Routing\Router could not be converted to string {"exception":"[object] (Error(code: 0): Object of class Laravel\\Lumen\\Routing\\Router could not be converted to string at D:\\newborn1212\\backend\\routes\\web.php:7)
[stacktrace]
#0 D:\\newborn1212\\backend\\bootstrap\\app.php(120): require()
#1 D:\\newborn1212\\backend\\vendor\\laravel\\lumen-framework\\src\\Routing\\Router.php(62): {closure}(Object(Laravel\\Lumen\\Routing\\Router))
#2 D:\\newborn1212\\backend\\bootstrap\\app.php(121): Laravel\\Lumen\\Routing\\Router->group(Array, Object(Closure))
#3 D:\\newborn1212\\backend\\public\\index.php(14): require('D:\\\\newborn1212\\\\...')
#4 {main}
"} 
[2023-08-16 20:23:38] local.ERROR: Object of class Laravel\Lumen\Routing\Router could not be converted to string {"exception":"[object] (Error(code: 0): Object of class Laravel\\Lumen\\Routing\\Router could not be converted to string at D:\\newborn1212\\backend\\routes\\web.php:7)
[stacktrace]
#0 D:\\newborn1212\\backend\\bootstrap\\app.php(120): require()
#1 D:\\newborn1212\\backend\\vendor\\laravel\\lumen-framework\\src\\Routing\\Router.php(62): {closure}(Object(Laravel\\Lumen\\Routing\\Router))
#2 D:\\newborn1212\\backend\\bootstrap\\app.php(121): Laravel\\Lumen\\Routing\\Router->group(Array, Object(Closure))
#3 D:\\newborn1212\\backend\\public\\index.php(14): require('D:\\\\newborn1212\\\\...')
#4 {main}
"} 
[2023-08-16 20:23:38] local.ERROR: Object of class Laravel\Lumen\Routing\Router could not be converted to string {"exception":"[object] (Error(code: 0): Object of class Laravel\\Lumen\\Routing\\Router could not be converted to string at D:\\newborn1212\\backend\\routes\\web.php:7)
[stacktrace]
#0 D:\\newborn1212\\backend\\bootstrap\\app.php(120): require()
#1 D:\\newborn1212\\backend\\vendor\\laravel\\lumen-framework\\src\\Routing\\Router.php(62): {closure}(Object(Laravel\\Lumen\\Routing\\Router))
#2 D:\\newborn1212\\backend\\bootstrap\\app.php(121): Laravel\\Lumen\\Routing\\Router->group(Array, Object(Closure))
#3 D:\\newborn1212\\backend\\public\\index.php(14): require('D:\\\\newborn1212\\\\...')
#4 {main}
"} 
[2023-08-16 21:14:31] local.ERROR: Order direction must be "asc" or "desc". {"exception":"[object] (InvalidArgumentException(code: 0): Order direction must be \"asc\" or \"desc\". at D:\\newborn1212\\backend\\vendor\\illuminate\\database\\Query\\Builder.php:2046)
[stacktrace]
#0 D:\\newborn1212\\backend\\vendor\\illuminate\\support\\Traits\\ForwardsCalls.php(23): Illuminate\\Database\\Query\\Builder->orderBy('year', 'month', 'gender')
#1 D:\\newborn1212\\backend\\vendor\\illuminate\\database\\Eloquent\\Builder.php(1660): Illuminate\\Database\\Eloquent\\Builder->forwardCallTo(Object(Illuminate\\Database\\Query\\Builder), 'orderBy', Array)
#2 D:\\newborn1212\\backend\\app\\Http\\Controllers\\BabyController.php(109): Illuminate\\Database\\Eloquent\\Builder->__call('orderBy', Array)
#3 D:\\newborn1212\\backend\\vendor\\illuminate\\container\\BoundMethod.php(36): App\\Http\\Controllers\\BabyController->getAnalysisData(Object(Laravel\\Lumen\\Http\\Request))
#4 D:\\newborn1212\\backend\\vendor\\illuminate\\container\\Util.php(40): Illuminate\\Container\\BoundMethod::Illuminate\\Container\\{closure}()
#5 D:\\newborn1212\\backend\\vendor\\illuminate\\container\\BoundMethod.php(93): Illuminate\\Container\\Util::unwrapIfClosure(Object(Closure))
#6 D:\\newborn1212\\backend\\vendor\\illuminate\\container\\BoundMethod.php(37): Illuminate\\Container\\BoundMethod::callBoundMethod(Object(Laravel\\Lumen\\Application), Array, Object(Closure))
#7 D:\\newborn1212\\backend\\vendor\\illuminate\\container\\Container.php(653): Illuminate\\Container\\BoundMethod::call(Object(Laravel\\Lumen\\Application), Array, Array, NULL)
#8 D:\\newborn1212\\backend\\vendor\\laravel\\lumen-framework\\src\\Concerns\\RoutesRequests.php(389): Illuminate\\Container\\Container->call(Array, Array)
#9 D:\\newborn1212\\backend\\vendor\\laravel\\lumen-framework\\src\\Concerns\\RoutesRequests.php(355): Laravel\\Lumen\\Application->callControllerCallable(Array, Array)
#10 D:\\newborn1212\\backend\\vendor\\laravel\\lumen-framework\\src\\Concerns\\RoutesRequests.php(329): Laravel\\Lumen\\Application->callLumenController(Object(App\\Http\\Controllers\\BabyController), 'getAnalysisData', Array)
#11 D:\\newborn1212\\backend\\vendor\\laravel\\lumen-framework\\src\\Concerns\\RoutesRequests.php(282): Laravel\\Lumen\\Application->callControllerAction(Array)
#12 D:\\newborn1212\\backend\\vendor\\laravel\\lumen-framework\\src\\Concerns\\RoutesRequests.php(267): Laravel\\Lumen\\Application->callActionOnArrayBasedRoute(Array)
#13 D:\\newborn1212\\backend\\vendor\\laravel\\lumen-framework\\src\\Concerns\\RoutesRequests.php(169): Laravel\\Lumen\\Application->handleFoundRoute(Array)
#14 D:\\newborn1212\\backend\\vendor\\laravel\\lumen-framework\\src\\Routing\\Pipeline.php(48): Laravel\\Lumen\\Application->Laravel\\Lumen\\Concerns\\{closure}(Object(Laravel\\Lumen\\Http\\Request))
#15 D:\\newborn1212\\backend\\app\\Http\\Middleware\\CorsMiddleware.php(14): Laravel\\Lumen\\Routing\\Pipeline->Laravel\\Lumen\\Routing\\{closure}(Object(Laravel\\Lumen\\Http\\Request))
#16 D:\\newborn1212\\backend\\vendor\\illuminate\\pipeline\\Pipeline.php(167): App\\Http\\Middleware\\CorsMiddleware->handle(Object(Laravel\\Lumen\\Http\\Request), Object(Closure))
#17 D:\\newborn1212\\backend\\vendor\\laravel\\lumen-framework\\src\\Routing\\Pipeline.php(30): Illuminate\\Pipeline\\Pipeline->Illuminate\\Pipeline\\{closure}(Object(Laravel\\Lumen\\Http\\Request))
#18 D:\\newborn1212\\backend\\vendor\\illuminate\\pipeline\\Pipeline.php(103): Laravel\\Lumen\\Routing\\Pipeline->Laravel\\Lumen\\Routing\\{closure}(Object(Laravel\\Lumen\\Http\\Request))
#19 D:\\newborn1212\\backend\\vendor\\laravel\\lumen-framework\\src\\Concerns\\RoutesRequests.php(426): Illuminate\\Pipeline\\Pipeline->then(Object(Closure))
#20 D:\\newborn1212\\backend\\vendor\\laravel\\lumen-framework\\src\\Concerns\\RoutesRequests.php(175): Laravel\\Lumen\\Application->sendThroughPipeline(Array, Object(Closure))
#21 D:\\newborn1212\\backend\\vendor\\laravel\\lumen-framework\\src\\Concerns\\RoutesRequests.php(112): Laravel\\Lumen\\Application->dispatch(NULL)
#22 D:\\newborn1212\\backend\\public\\index.php(28): Laravel\\Lumen\\Application->run()
#23 {main}
"} 
[2023-08-16 21:14:32] local.ERROR: Order direction must be "asc" or "desc". {"exception":"[object] (InvalidArgumentException(code: 0): Order direction must be \"asc\" or \"desc\". at D:\\newborn1212\\backend\\vendor\\illuminate\\database\\Query\\Builder.php:2046)
[stacktrace]
#0 D:\\newborn1212\\backend\\vendor\\illuminate\\support\\Traits\\ForwardsCalls.php(23): Illuminate\\Database\\Query\\Builder->orderBy('year', 'month', 'gender')
#1 D:\\newborn1212\\backend\\vendor\\illuminate\\database\\Eloquent\\Builder.php(1660): Illuminate\\Database\\Eloquent\\Builder->forwardCallTo(Object(Illuminate\\Database\\Query\\Builder), 'orderBy', Array)
#2 D:\\newborn1212\\backend\\app\\Http\\Controllers\\BabyController.php(109): Illuminate\\Database\\Eloquent\\Builder->__call('orderBy', Array)
#3 D:\\newborn1212\\backend\\vendor\\illuminate\\container\\BoundMethod.php(36): App\\Http\\Controllers\\BabyController->getAnalysisData(Object(Laravel\\Lumen\\Http\\Request))
#4 D:\\newborn1212\\backend\\vendor\\illuminate\\container\\Util.php(40): Illuminate\\Container\\BoundMethod::Illuminate\\Container\\{closure}()
#5 D:\\newborn1212\\backend\\vendor\\illuminate\\container\\BoundMethod.php(93): Illuminate\\Container\\Util::unwrapIfClosure(Object(Closure))
#6 D:\\newborn1212\\backend\\vendor\\illuminate\\container\\BoundMethod.php(37): Illuminate\\Container\\BoundMethod::callBoundMethod(Object(Laravel\\Lumen\\Application), Array, Object(Closure))
#7 D:\\newborn1212\\backend\\vendor\\illuminate\\container\\Container.php(653): Illuminate\\Container\\BoundMethod::call(Object(Laravel\\Lumen\\Application), Array, Array, NULL)
#8 D:\\newborn1212\\backend\\vendor\\laravel\\lumen-framework\\src\\Concerns\\RoutesRequests.php(389): Illuminate\\Container\\Container->call(Array, Array)
#9 D:\\newborn1212\\backend\\vendor\\laravel\\lumen-framework\\src\\Concerns\\RoutesRequests.php(355): Laravel\\Lumen\\Application->callControllerCallable(Array, Array)
#10 D:\\newborn1212\\backend\\vendor\\laravel\\lumen-framework\\src\\Concerns\\RoutesRequests.php(329): Laravel\\Lumen\\Application->callLumenController(Object(App\\Http\\Controllers\\BabyController), 'getAnalysisData', Array)
#11 D:\\newborn1212\\backend\\vendor\\laravel\\lumen-framework\\src\\Concerns\\RoutesRequests.php(282): Laravel\\Lumen\\Application->callControllerAction(Array)
#12 D:\\newborn1212\\backend\\vendor\\laravel\\lumen-framework\\src\\Concerns\\RoutesRequests.php(267): Laravel\\Lumen\\Application->callActionOnArrayBasedRoute(Array)
#13 D:\\newborn1212\\backend\\vendor\\laravel\\lumen-framework\\src\\Concerns\\RoutesRequests.php(169): Laravel\\Lumen\\Application->handleFoundRoute(Array)
#14 D:\\newborn1212\\backend\\vendor\\laravel\\lumen-framework\\src\\Routing\\Pipeline.php(48): Laravel\\Lumen\\Application->Laravel\\Lumen\\Concerns\\{closure}(Object(Laravel\\Lumen\\Http\\Request))
#15 D:\\newborn1212\\backend\\app\\Http\\Middleware\\CorsMiddleware.php(14): Laravel\\Lumen\\Routing\\Pipeline->Laravel\\Lumen\\Routing\\{closure}(Object(Laravel\\Lumen\\Http\\Request))
#16 D:\\newborn1212\\backend\\vendor\\illuminate\\pipeline\\Pipeline.php(167): App\\Http\\Middleware\\CorsMiddleware->handle(Object(Laravel\\Lumen\\Http\\Request), Object(Closure))
#17 D:\\newborn1212\\backend\\vendor\\laravel\\lumen-framework\\src\\Routing\\Pipeline.php(30): Illuminate\\Pipeline\\Pipeline->Illuminate\\Pipeline\\{closure}(Object(Laravel\\Lumen\\Http\\Request))
#18 D:\\newborn1212\\backend\\vendor\\illuminate\\pipeline\\Pipeline.php(103): Laravel\\Lumen\\Routing\\Pipeline->Laravel\\Lumen\\Routing\\{closure}(Object(Laravel\\Lumen\\Http\\Request))
#19 D:\\newborn1212\\backend\\vendor\\laravel\\lumen-framework\\src\\Concerns\\RoutesRequests.php(426): Illuminate\\Pipeline\\Pipeline->then(Object(Closure))
#20 D:\\newborn1212\\backend\\vendor\\laravel\\lumen-framework\\src\\Concerns\\RoutesRequests.php(175): Laravel\\Lumen\\Application->sendThroughPipeline(Array, Object(Closure))
#21 D:\\newborn1212\\backend\\vendor\\laravel\\lumen-framework\\src\\Concerns\\RoutesRequests.php(112): Laravel\\Lumen\\Application->dispatch(NULL)
#22 D:\\newborn1212\\backend\\public\\index.php(28): Laravel\\Lumen\\Application->run()
#23 {main}
"} 
[2023-08-16 21:14:33] local.ERROR: Order direction must be "asc" or "desc". {"exception":"[object] (InvalidArgumentException(code: 0): Order direction must be \"asc\" or \"desc\". at D:\\newborn1212\\backend\\vendor\\illuminate\\database\\Query\\Builder.php:2046)
[stacktrace]
#0 D:\\newborn1212\\backend\\vendor\\illuminate\\support\\Traits\\ForwardsCalls.php(23): Illuminate\\Database\\Query\\Builder->orderBy('year', 'month', 'gender')
#1 D:\\newborn1212\\backend\\vendor\\illuminate\\database\\Eloquent\\Builder.php(1660): Illuminate\\Database\\Eloquent\\Builder->forwardCallTo(Object(Illuminate\\Database\\Query\\Builder), 'orderBy', Array)
#2 D:\\newborn1212\\backend\\app\\Http\\Controllers\\BabyController.php(109): Illuminate\\Database\\Eloquent\\Builder->__call('orderBy', Array)
#3 D:\\newborn1212\\backend\\vendor\\illuminate\\container\\BoundMethod.php(36): App\\Http\\Controllers\\BabyController->getAnalysisData(Object(Laravel\\Lumen\\Http\\Request))
#4 D:\\newborn1212\\backend\\vendor\\illuminate\\container\\Util.php(40): Illuminate\\Container\\BoundMethod::Illuminate\\Container\\{closure}()
#5 D:\\newborn1212\\backend\\vendor\\illuminate\\container\\BoundMethod.php(93): Illuminate\\Container\\Util::unwrapIfClosure(Object(Closure))
#6 D:\\newborn1212\\backend\\vendor\\illuminate\\container\\BoundMethod.php(37): Illuminate\\Container\\BoundMethod::callBoundMethod(Object(Laravel\\Lumen\\Application), Array, Object(Closure))
#7 D:\\newborn1212\\backend\\vendor\\illuminate\\container\\Container.php(653): Illuminate\\Container\\BoundMethod::call(Object(Laravel\\Lumen\\Application), Array, Array, NULL)
#8 D:\\newborn1212\\backend\\vendor\\laravel\\lumen-framework\\src\\Concerns\\RoutesRequests.php(389): Illuminate\\Container\\Container->call(Array, Array)
#9 D:\\newborn1212\\backend\\vendor\\laravel\\lumen-framework\\src\\Concerns\\RoutesRequests.php(355): Laravel\\Lumen\\Application->callControllerCallable(Array, Array)
#10 D:\\newborn1212\\backend\\vendor\\laravel\\lumen-framework\\src\\Concerns\\RoutesRequests.php(329): Laravel\\Lumen\\Application->callLumenController(Object(App\\Http\\Controllers\\BabyController), 'getAnalysisData', Array)
#11 D:\\newborn1212\\backend\\vendor\\laravel\\lumen-framework\\src\\Concerns\\RoutesRequests.php(282): Laravel\\Lumen\\Application->callControllerAction(Array)
#12 D:\\newborn1212\\backend\\vendor\\laravel\\lumen-framework\\src\\Concerns\\RoutesRequests.php(267): Laravel\\Lumen\\Application->callActionOnArrayBasedRoute(Array)
#13 D:\\newborn1212\\backend\\vendor\\laravel\\lumen-framework\\src\\Concerns\\RoutesRequests.php(169): Laravel\\Lumen\\Application->handleFoundRoute(Array)
#14 D:\\newborn1212\\backend\\vendor\\laravel\\lumen-framework\\src\\Routing\\Pipeline.php(48): Laravel\\Lumen\\Application->Laravel\\Lumen\\Concerns\\{closure}(Object(Laravel\\Lumen\\Http\\Request))
#15 D:\\newborn1212\\backend\\app\\Http\\Middleware\\CorsMiddleware.php(14): Laravel\\Lumen\\Routing\\Pipeline->Laravel\\Lumen\\Routing\\{closure}(Object(Laravel\\Lumen\\Http\\Request))
#16 D:\\newborn1212\\backend\\vendor\\illuminate\\pipeline\\Pipeline.php(167): App\\Http\\Middleware\\CorsMiddleware->handle(Object(Laravel\\Lumen\\Http\\Request), Object(Closure))
#17 D:\\newborn1212\\backend\\vendor\\laravel\\lumen-framework\\src\\Routing\\Pipeline.php(30): Illuminate\\Pipeline\\Pipeline->Illuminate\\Pipeline\\{closure}(Object(Laravel\\Lumen\\Http\\Request))
#18 D:\\newborn1212\\backend\\vendor\\illuminate\\pipeline\\Pipeline.php(103): Laravel\\Lumen\\Routing\\Pipeline->Laravel\\Lumen\\Routing\\{closure}(Object(Laravel\\Lumen\\Http\\Request))
#19 D:\\newborn1212\\backend\\vendor\\laravel\\lumen-framework\\src\\Concerns\\RoutesRequests.php(426): Illuminate\\Pipeline\\Pipeline->then(Object(Closure))
#20 D:\\newborn1212\\backend\\vendor\\laravel\\lumen-framework\\src\\Concerns\\RoutesRequests.php(175): Laravel\\Lumen\\Application->sendThroughPipeline(Array, Object(Closure))
#21 D:\\newborn1212\\backend\\vendor\\laravel\\lumen-framework\\src\\Concerns\\RoutesRequests.php(112): Laravel\\Lumen\\Application->dispatch(NULL)
#22 D:\\newborn1212\\backend\\public\\index.php(28): Laravel\\Lumen\\Application->run()
#23 {main}
"} 
[2023-08-16 21:15:16] local.ERROR: Order direction must be "asc" or "desc". {"exception":"[object] (InvalidArgumentException(code: 0): Order direction must be \"asc\" or \"desc\". at D:\\newborn1212\\backend\\vendor\\illuminate\\database\\Query\\Builder.php:2046)
[stacktrace]
#0 D:\\newborn1212\\backend\\vendor\\illuminate\\support\\Traits\\ForwardsCalls.php(23): Illuminate\\Database\\Query\\Builder->orderBy('year', 'month', 'gender')
#1 D:\\newborn1212\\backend\\vendor\\illuminate\\database\\Eloquent\\Builder.php(1660): Illuminate\\Database\\Eloquent\\Builder->forwardCallTo(Object(Illuminate\\Database\\Query\\Builder), 'orderBy', Array)
#2 D:\\newborn1212\\backend\\app\\Http\\Controllers\\BabyController.php(109): Illuminate\\Database\\Eloquent\\Builder->__call('orderBy', Array)
#3 D:\\newborn1212\\backend\\vendor\\illuminate\\container\\BoundMethod.php(36): App\\Http\\Controllers\\BabyController->getAnalysisData(Object(Laravel\\Lumen\\Http\\Request))
#4 D:\\newborn1212\\backend\\vendor\\illuminate\\container\\Util.php(40): Illuminate\\Container\\BoundMethod::Illuminate\\Container\\{closure}()
#5 D:\\newborn1212\\backend\\vendor\\illuminate\\container\\BoundMethod.php(93): Illuminate\\Container\\Util::unwrapIfClosure(Object(Closure))
#6 D:\\newborn1212\\backend\\vendor\\illuminate\\container\\BoundMethod.php(37): Illuminate\\Container\\BoundMethod::callBoundMethod(Object(Laravel\\Lumen\\Application), Array, Object(Closure))
#7 D:\\newborn1212\\backend\\vendor\\illuminate\\container\\Container.php(653): Illuminate\\Container\\BoundMethod::call(Object(Laravel\\Lumen\\Application), Array, Array, NULL)
#8 D:\\newborn1212\\backend\\vendor\\laravel\\lumen-framework\\src\\Concerns\\RoutesRequests.php(389): Illuminate\\Container\\Container->call(Array, Array)
#9 D:\\newborn1212\\backend\\vendor\\laravel\\lumen-framework\\src\\Concerns\\RoutesRequests.php(355): Laravel\\Lumen\\Application->callControllerCallable(Array, Array)
#10 D:\\newborn1212\\backend\\vendor\\laravel\\lumen-framework\\src\\Concerns\\RoutesRequests.php(329): Laravel\\Lumen\\Application->callLumenController(Object(App\\Http\\Controllers\\BabyController), 'getAnalysisData', Array)
#11 D:\\newborn1212\\backend\\vendor\\laravel\\lumen-framework\\src\\Concerns\\RoutesRequests.php(282): Laravel\\Lumen\\Application->callControllerAction(Array)
#12 D:\\newborn1212\\backend\\vendor\\laravel\\lumen-framework\\src\\Concerns\\RoutesRequests.php(267): Laravel\\Lumen\\Application->callActionOnArrayBasedRoute(Array)
#13 D:\\newborn1212\\backend\\vendor\\laravel\\lumen-framework\\src\\Concerns\\RoutesRequests.php(169): Laravel\\Lumen\\Application->handleFoundRoute(Array)
#14 D:\\newborn1212\\backend\\vendor\\laravel\\lumen-framework\\src\\Routing\\Pipeline.php(48): Laravel\\Lumen\\Application->Laravel\\Lumen\\Concerns\\{closure}(Object(Laravel\\Lumen\\Http\\Request))
#15 D:\\newborn1212\\backend\\app\\Http\\Middleware\\CorsMiddleware.php(14): Laravel\\Lumen\\Routing\\Pipeline->Laravel\\Lumen\\Routing\\{closure}(Object(Laravel\\Lumen\\Http\\Request))
#16 D:\\newborn1212\\backend\\vendor\\illuminate\\pipeline\\Pipeline.php(167): App\\Http\\Middleware\\CorsMiddleware->handle(Object(Laravel\\Lumen\\Http\\Request), Object(Closure))
#17 D:\\newborn1212\\backend\\vendor\\laravel\\lumen-framework\\src\\Routing\\Pipeline.php(30): Illuminate\\Pipeline\\Pipeline->Illuminate\\Pipeline\\{closure}(Object(Laravel\\Lumen\\Http\\Request))
#18 D:\\newborn1212\\backend\\vendor\\illuminate\\pipeline\\Pipeline.php(103): Laravel\\Lumen\\Routing\\Pipeline->Laravel\\Lumen\\Routing\\{closure}(Object(Laravel\\Lumen\\Http\\Request))
#19 D:\\newborn1212\\backend\\vendor\\laravel\\lumen-framework\\src\\Concerns\\RoutesRequests.php(426): Illuminate\\Pipeline\\Pipeline->then(Object(Closure))
#20 D:\\newborn1212\\backend\\vendor\\laravel\\lumen-framework\\src\\Concerns\\RoutesRequests.php(175): Laravel\\Lumen\\Application->sendThroughPipeline(Array, Object(Closure))
#21 D:\\newborn1212\\backend\\vendor\\laravel\\lumen-framework\\src\\Concerns\\RoutesRequests.php(112): Laravel\\Lumen\\Application->dispatch(NULL)
#22 D:\\newborn1212\\backend\\public\\index.php(28): Laravel\\Lumen\\Application->run()
#23 {main}
"} 
[2023-08-16 21:15:16] local.ERROR: Order direction must be "asc" or "desc". {"exception":"[object] (InvalidArgumentException(code: 0): Order direction must be \"asc\" or \"desc\". at D:\\newborn1212\\backend\\vendor\\illuminate\\database\\Query\\Builder.php:2046)
[stacktrace]
#0 D:\\newborn1212\\backend\\vendor\\illuminate\\support\\Traits\\ForwardsCalls.php(23): Illuminate\\Database\\Query\\Builder->orderBy('year', 'month', 'gender')
#1 D:\\newborn1212\\backend\\vendor\\illuminate\\database\\Eloquent\\Builder.php(1660): Illuminate\\Database\\Eloquent\\Builder->forwardCallTo(Object(Illuminate\\Database\\Query\\Builder), 'orderBy', Array)
#2 D:\\newborn1212\\backend\\app\\Http\\Controllers\\BabyController.php(109): Illuminate\\Database\\Eloquent\\Builder->__call('orderBy', Array)
#3 D:\\newborn1212\\backend\\vendor\\illuminate\\container\\BoundMethod.php(36): App\\Http\\Controllers\\BabyController->getAnalysisData(Object(Laravel\\Lumen\\Http\\Request))
#4 D:\\newborn1212\\backend\\vendor\\illuminate\\container\\Util.php(40): Illuminate\\Container\\BoundMethod::Illuminate\\Container\\{closure}()
#5 D:\\newborn1212\\backend\\vendor\\illuminate\\container\\BoundMethod.php(93): Illuminate\\Container\\Util::unwrapIfClosure(Object(Closure))
#6 D:\\newborn1212\\backend\\vendor\\illuminate\\container\\BoundMethod.php(37): Illuminate\\Container\\BoundMethod::callBoundMethod(Object(Laravel\\Lumen\\Application), Array, Object(Closure))
#7 D:\\newborn1212\\backend\\vendor\\illuminate\\container\\Container.php(653): Illuminate\\Container\\BoundMethod::call(Object(Laravel\\Lumen\\Application), Array, Array, NULL)
#8 D:\\newborn1212\\backend\\vendor\\laravel\\lumen-framework\\src\\Concerns\\RoutesRequests.php(389): Illuminate\\Container\\Container->call(Array, Array)
#9 D:\\newborn1212\\backend\\vendor\\laravel\\lumen-framework\\src\\Concerns\\RoutesRequests.php(355): Laravel\\Lumen\\Application->callControllerCallable(Array, Array)
#10 D:\\newborn1212\\backend\\vendor\\laravel\\lumen-framework\\src\\Concerns\\RoutesRequests.php(329): Laravel\\Lumen\\Application->callLumenController(Object(App\\Http\\Controllers\\BabyController), 'getAnalysisData', Array)
#11 D:\\newborn1212\\backend\\vendor\\laravel\\lumen-framework\\src\\Concerns\\RoutesRequests.php(282): Laravel\\Lumen\\Application->callControllerAction(Array)
#12 D:\\newborn1212\\backend\\vendor\\laravel\\lumen-framework\\src\\Concerns\\RoutesRequests.php(267): Laravel\\Lumen\\Application->callActionOnArrayBasedRoute(Array)
#13 D:\\newborn1212\\backend\\vendor\\laravel\\lumen-framework\\src\\Concerns\\RoutesRequests.php(169): Laravel\\Lumen\\Application->handleFoundRoute(Array)
#14 D:\\newborn1212\\backend\\vendor\\laravel\\lumen-framework\\src\\Routing\\Pipeline.php(48): Laravel\\Lumen\\Application->Laravel\\Lumen\\Concerns\\{closure}(Object(Laravel\\Lumen\\Http\\Request))
#15 D:\\newborn1212\\backend\\app\\Http\\Middleware\\CorsMiddleware.php(14): Laravel\\Lumen\\Routing\\Pipeline->Laravel\\Lumen\\Routing\\{closure}(Object(Laravel\\Lumen\\Http\\Request))
#16 D:\\newborn1212\\backend\\vendor\\illuminate\\pipeline\\Pipeline.php(167): App\\Http\\Middleware\\CorsMiddleware->handle(Object(Laravel\\Lumen\\Http\\Request), Object(Closure))
#17 D:\\newborn1212\\backend\\vendor\\laravel\\lumen-framework\\src\\Routing\\Pipeline.php(30): Illuminate\\Pipeline\\Pipeline->Illuminate\\Pipeline\\{closure}(Object(Laravel\\Lumen\\Http\\Request))
#18 D:\\newborn1212\\backend\\vendor\\illuminate\\pipeline\\Pipeline.php(103): Laravel\\Lumen\\Routing\\Pipeline->Laravel\\Lumen\\Routing\\{closure}(Object(Laravel\\Lumen\\Http\\Request))
#19 D:\\newborn1212\\backend\\vendor\\laravel\\lumen-framework\\src\\Concerns\\RoutesRequests.php(426): Illuminate\\Pipeline\\Pipeline->then(Object(Closure))
#20 D:\\newborn1212\\backend\\vendor\\laravel\\lumen-framework\\src\\Concerns\\RoutesRequests.php(175): Laravel\\Lumen\\Application->sendThroughPipeline(Array, Object(Closure))
#21 D:\\newborn1212\\backend\\vendor\\laravel\\lumen-framework\\src\\Concerns\\RoutesRequests.php(112): Laravel\\Lumen\\Application->dispatch(NULL)
#22 D:\\newborn1212\\backend\\public\\index.php(28): Laravel\\Lumen\\Application->run()
#23 {main}
"} 
[2023-08-16 21:15:16] local.ERROR: Order direction must be "asc" or "desc". {"exception":"[object] (InvalidArgumentException(code: 0): Order direction must be \"asc\" or \"desc\". at D:\\newborn1212\\backend\\vendor\\illuminate\\database\\Query\\Builder.php:2046)
[stacktrace]
#0 D:\\newborn1212\\backend\\vendor\\illuminate\\support\\Traits\\ForwardsCalls.php(23): Illuminate\\Database\\Query\\Builder->orderBy('year', 'month', 'gender')
#1 D:\\newborn1212\\backend\\vendor\\illuminate\\database\\Eloquent\\Builder.php(1660): Illuminate\\Database\\Eloquent\\Builder->forwardCallTo(Object(Illuminate\\Database\\Query\\Builder), 'orderBy', Array)
#2 D:\\newborn1212\\backend\\app\\Http\\Controllers\\BabyController.php(109): Illuminate\\Database\\Eloquent\\Builder->__call('orderBy', Array)
#3 D:\\newborn1212\\backend\\vendor\\illuminate\\container\\BoundMethod.php(36): App\\Http\\Controllers\\BabyController->getAnalysisData(Object(Laravel\\Lumen\\Http\\Request))
#4 D:\\newborn1212\\backend\\vendor\\illuminate\\container\\Util.php(40): Illuminate\\Container\\BoundMethod::Illuminate\\Container\\{closure}()
#5 D:\\newborn1212\\backend\\vendor\\illuminate\\container\\BoundMethod.php(93): Illuminate\\Container\\Util::unwrapIfClosure(Object(Closure))
#6 D:\\newborn1212\\backend\\vendor\\illuminate\\container\\BoundMethod.php(37): Illuminate\\Container\\BoundMethod::callBoundMethod(Object(Laravel\\Lumen\\Application), Array, Object(Closure))
#7 D:\\newborn1212\\backend\\vendor\\illuminate\\container\\Container.php(653): Illuminate\\Container\\BoundMethod::call(Object(Laravel\\Lumen\\Application), Array, Array, NULL)
#8 D:\\newborn1212\\backend\\vendor\\laravel\\lumen-framework\\src\\Concerns\\RoutesRequests.php(389): Illuminate\\Container\\Container->call(Array, Array)
#9 D:\\newborn1212\\backend\\vendor\\laravel\\lumen-framework\\src\\Concerns\\RoutesRequests.php(355): Laravel\\Lumen\\Application->callControllerCallable(Array, Array)
#10 D:\\newborn1212\\backend\\vendor\\laravel\\lumen-framework\\src\\Concerns\\RoutesRequests.php(329): Laravel\\Lumen\\Application->callLumenController(Object(App\\Http\\Controllers\\BabyController), 'getAnalysisData', Array)
#11 D:\\newborn1212\\backend\\vendor\\laravel\\lumen-framework\\src\\Concerns\\RoutesRequests.php(282): Laravel\\Lumen\\Application->callControllerAction(Array)
#12 D:\\newborn1212\\backend\\vendor\\laravel\\lumen-framework\\src\\Concerns\\RoutesRequests.php(267): Laravel\\Lumen\\Application->callActionOnArrayBasedRoute(Array)
#13 D:\\newborn1212\\backend\\vendor\\laravel\\lumen-framework\\src\\Concerns\\RoutesRequests.php(169): Laravel\\Lumen\\Application->handleFoundRoute(Array)
#14 D:\\newborn1212\\backend\\vendor\\laravel\\lumen-framework\\src\\Routing\\Pipeline.php(48): Laravel\\Lumen\\Application->Laravel\\Lumen\\Concerns\\{closure}(Object(Laravel\\Lumen\\Http\\Request))
#15 D:\\newborn1212\\backend\\app\\Http\\Middleware\\CorsMiddleware.php(14): Laravel\\Lumen\\Routing\\Pipeline->Laravel\\Lumen\\Routing\\{closure}(Object(Laravel\\Lumen\\Http\\Request))
#16 D:\\newborn1212\\backend\\vendor\\illuminate\\pipeline\\Pipeline.php(167): App\\Http\\Middleware\\CorsMiddleware->handle(Object(Laravel\\Lumen\\Http\\Request), Object(Closure))
#17 D:\\newborn1212\\backend\\vendor\\laravel\\lumen-framework\\src\\Routing\\Pipeline.php(30): Illuminate\\Pipeline\\Pipeline->Illuminate\\Pipeline\\{closure}(Object(Laravel\\Lumen\\Http\\Request))
#18 D:\\newborn1212\\backend\\vendor\\illuminate\\pipeline\\Pipeline.php(103): Laravel\\Lumen\\Routing\\Pipeline->Laravel\\Lumen\\Routing\\{closure}(Object(Laravel\\Lumen\\Http\\Request))
#19 D:\\newborn1212\\backend\\vendor\\laravel\\lumen-framework\\src\\Concerns\\RoutesRequests.php(426): Illuminate\\Pipeline\\Pipeline->then(Object(Closure))
#20 D:\\newborn1212\\backend\\vendor\\laravel\\lumen-framework\\src\\Concerns\\RoutesRequests.php(175): Laravel\\Lumen\\Application->sendThroughPipeline(Array, Object(Closure))
#21 D:\\newborn1212\\backend\\vendor\\laravel\\lumen-framework\\src\\Concerns\\RoutesRequests.php(112): Laravel\\Lumen\\Application->dispatch(NULL)
#22 D:\\newborn1212\\backend\\public\\index.php(28): Laravel\\Lumen\\Application->run()
#23 {main}
"} 
[2023-08-16 21:15:16] local.ERROR: Order direction must be "asc" or "desc". {"exception":"[object] (InvalidArgumentException(code: 0): Order direction must be \"asc\" or \"desc\". at D:\\newborn1212\\backend\\vendor\\illuminate\\database\\Query\\Builder.php:2046)
[stacktrace]
#0 D:\\newborn1212\\backend\\vendor\\illuminate\\support\\Traits\\ForwardsCalls.php(23): Illuminate\\Database\\Query\\Builder->orderBy('year', 'month', 'gender')
#1 D:\\newborn1212\\backend\\vendor\\illuminate\\database\\Eloquent\\Builder.php(1660): Illuminate\\Database\\Eloquent\\Builder->forwardCallTo(Object(Illuminate\\Database\\Query\\Builder), 'orderBy', Array)
#2 D:\\newborn1212\\backend\\app\\Http\\Controllers\\BabyController.php(109): Illuminate\\Database\\Eloquent\\Builder->__call('orderBy', Array)
#3 D:\\newborn1212\\backend\\vendor\\illuminate\\container\\BoundMethod.php(36): App\\Http\\Controllers\\BabyController->getAnalysisData(Object(Laravel\\Lumen\\Http\\Request))
#4 D:\\newborn1212\\backend\\vendor\\illuminate\\container\\Util.php(40): Illuminate\\Container\\BoundMethod::Illuminate\\Container\\{closure}()
#5 D:\\newborn1212\\backend\\vendor\\illuminate\\container\\BoundMethod.php(93): Illuminate\\Container\\Util::unwrapIfClosure(Object(Closure))
#6 D:\\newborn1212\\backend\\vendor\\illuminate\\container\\BoundMethod.php(37): Illuminate\\Container\\BoundMethod::callBoundMethod(Object(Laravel\\Lumen\\Application), Array, Object(Closure))
#7 D:\\newborn1212\\backend\\vendor\\illuminate\\container\\Container.php(653): Illuminate\\Container\\BoundMethod::call(Object(Laravel\\Lumen\\Application), Array, Array, NULL)
#8 D:\\newborn1212\\backend\\vendor\\laravel\\lumen-framework\\src\\Concerns\\RoutesRequests.php(389): Illuminate\\Container\\Container->call(Array, Array)
#9 D:\\newborn1212\\backend\\vendor\\laravel\\lumen-framework\\src\\Concerns\\RoutesRequests.php(355): Laravel\\Lumen\\Application->callControllerCallable(Array, Array)
#10 D:\\newborn1212\\backend\\vendor\\laravel\\lumen-framework\\src\\Concerns\\RoutesRequests.php(329): Laravel\\Lumen\\Application->callLumenController(Object(App\\Http\\Controllers\\BabyController), 'getAnalysisData', Array)
#11 D:\\newborn1212\\backend\\vendor\\laravel\\lumen-framework\\src\\Concerns\\RoutesRequests.php(282): Laravel\\Lumen\\Application->callControllerAction(Array)
#12 D:\\newborn1212\\backend\\vendor\\laravel\\lumen-framework\\src\\Concerns\\RoutesRequests.php(267): Laravel\\Lumen\\Application->callActionOnArrayBasedRoute(Array)
#13 D:\\newborn1212\\backend\\vendor\\laravel\\lumen-framework\\src\\Concerns\\RoutesRequests.php(169): Laravel\\Lumen\\Application->handleFoundRoute(Array)
#14 D:\\newborn1212\\backend\\vendor\\laravel\\lumen-framework\\src\\Routing\\Pipeline.php(48): Laravel\\Lumen\\Application->Laravel\\Lumen\\Concerns\\{closure}(Object(Laravel\\Lumen\\Http\\Request))
#15 D:\\newborn1212\\backend\\app\\Http\\Middleware\\CorsMiddleware.php(14): Laravel\\Lumen\\Routing\\Pipeline->Laravel\\Lumen\\Routing\\{closure}(Object(Laravel\\Lumen\\Http\\Request))
#16 D:\\newborn1212\\backend\\vendor\\illuminate\\pipeline\\Pipeline.php(167): App\\Http\\Middleware\\CorsMiddleware->handle(Object(Laravel\\Lumen\\Http\\Request), Object(Closure))
#17 D:\\newborn1212\\backend\\vendor\\laravel\\lumen-framework\\src\\Routing\\Pipeline.php(30): Illuminate\\Pipeline\\Pipeline->Illuminate\\Pipeline\\{closure}(Object(Laravel\\Lumen\\Http\\Request))
#18 D:\\newborn1212\\backend\\vendor\\illuminate\\pipeline\\Pipeline.php(103): Laravel\\Lumen\\Routing\\Pipeline->Laravel\\Lumen\\Routing\\{closure}(Object(Laravel\\Lumen\\Http\\Request))
#19 D:\\newborn1212\\backend\\vendor\\laravel\\lumen-framework\\src\\Concerns\\RoutesRequests.php(426): Illuminate\\Pipeline\\Pipeline->then(Object(Closure))
#20 D:\\newborn1212\\backend\\vendor\\laravel\\lumen-framework\\src\\Concerns\\RoutesRequests.php(175): Laravel\\Lumen\\Application->sendThroughPipeline(Array, Object(Closure))
#21 D:\\newborn1212\\backend\\vendor\\laravel\\lumen-framework\\src\\Concerns\\RoutesRequests.php(112): Laravel\\Lumen\\Application->dispatch(NULL)
#22 D:\\newborn1212\\backend\\public\\index.php(28): Laravel\\Lumen\\Application->run()
#23 {main}
"} 
[2023-08-16 21:16:52] local.ERROR: Order direction must be "asc" or "desc". {"exception":"[object] (InvalidArgumentException(code: 0): Order direction must be \"asc\" or \"desc\". at D:\\newborn1212\\backend\\vendor\\illuminate\\database\\Query\\Builder.php:2046)
[stacktrace]
#0 D:\\newborn1212\\backend\\vendor\\illuminate\\support\\Traits\\ForwardsCalls.php(23): Illuminate\\Database\\Query\\Builder->orderBy('year', 'month', 'gender')
#1 D:\\newborn1212\\backend\\vendor\\illuminate\\database\\Eloquent\\Builder.php(1660): Illuminate\\Database\\Eloquent\\Builder->forwardCallTo(Object(Illuminate\\Database\\Query\\Builder), 'orderBy', Array)
#2 D:\\newborn1212\\backend\\app\\Http\\Controllers\\BabyController.php(109): Illuminate\\Database\\Eloquent\\Builder->__call('orderBy', Array)
#3 D:\\newborn1212\\backend\\vendor\\illuminate\\container\\BoundMethod.php(36): App\\Http\\Controllers\\BabyController->getAnalysisData(Object(Laravel\\Lumen\\Http\\Request))
#4 D:\\newborn1212\\backend\\vendor\\illuminate\\container\\Util.php(40): Illuminate\\Container\\BoundMethod::Illuminate\\Container\\{closure}()
#5 D:\\newborn1212\\backend\\vendor\\illuminate\\container\\BoundMethod.php(93): Illuminate\\Container\\Util::unwrapIfClosure(Object(Closure))
#6 D:\\newborn1212\\backend\\vendor\\illuminate\\container\\BoundMethod.php(37): Illuminate\\Container\\BoundMethod::callBoundMethod(Object(Laravel\\Lumen\\Application), Array, Object(Closure))
#7 D:\\newborn1212\\backend\\vendor\\illuminate\\container\\Container.php(653): Illuminate\\Container\\BoundMethod::call(Object(Laravel\\Lumen\\Application), Array, Array, NULL)
#8 D:\\newborn1212\\backend\\vendor\\laravel\\lumen-framework\\src\\Concerns\\RoutesRequests.php(389): Illuminate\\Container\\Container->call(Array, Array)
#9 D:\\newborn1212\\backend\\vendor\\laravel\\lumen-framework\\src\\Concerns\\RoutesRequests.php(355): Laravel\\Lumen\\Application->callControllerCallable(Array, Array)
#10 D:\\newborn1212\\backend\\vendor\\laravel\\lumen-framework\\src\\Concerns\\RoutesRequests.php(329): Laravel\\Lumen\\Application->callLumenController(Object(App\\Http\\Controllers\\BabyController), 'getAnalysisData', Array)
#11 D:\\newborn1212\\backend\\vendor\\laravel\\lumen-framework\\src\\Concerns\\RoutesRequests.php(282): Laravel\\Lumen\\Application->callControllerAction(Array)
#12 D:\\newborn1212\\backend\\vendor\\laravel\\lumen-framework\\src\\Concerns\\RoutesRequests.php(267): Laravel\\Lumen\\Application->callActionOnArrayBasedRoute(Array)
#13 D:\\newborn1212\\backend\\vendor\\laravel\\lumen-framework\\src\\Concerns\\RoutesRequests.php(169): Laravel\\Lumen\\Application->handleFoundRoute(Array)
#14 D:\\newborn1212\\backend\\vendor\\laravel\\lumen-framework\\src\\Routing\\Pipeline.php(48): Laravel\\Lumen\\Application->Laravel\\Lumen\\Concerns\\{closure}(Object(Laravel\\Lumen\\Http\\Request))
#15 D:\\newborn1212\\backend\\app\\Http\\Middleware\\CorsMiddleware.php(14): Laravel\\Lumen\\Routing\\Pipeline->Laravel\\Lumen\\Routing\\{closure}(Object(Laravel\\Lumen\\Http\\Request))
#16 D:\\newborn1212\\backend\\vendor\\illuminate\\pipeline\\Pipeline.php(167): App\\Http\\Middleware\\CorsMiddleware->handle(Object(Laravel\\Lumen\\Http\\Request), Object(Closure))
#17 D:\\newborn1212\\backend\\vendor\\laravel\\lumen-framework\\src\\Routing\\Pipeline.php(30): Illuminate\\Pipeline\\Pipeline->Illuminate\\Pipeline\\{closure}(Object(Laravel\\Lumen\\Http\\Request))
#18 D:\\newborn1212\\backend\\vendor\\illuminate\\pipeline\\Pipeline.php(103): Laravel\\Lumen\\Routing\\Pipeline->Laravel\\Lumen\\Routing\\{closure}(Object(Laravel\\Lumen\\Http\\Request))
#19 D:\\newborn1212\\backend\\vendor\\laravel\\lumen-framework\\src\\Concerns\\RoutesRequests.php(426): Illuminate\\Pipeline\\Pipeline->then(Object(Closure))
#20 D:\\newborn1212\\backend\\vendor\\laravel\\lumen-framework\\src\\Concerns\\RoutesRequests.php(175): Laravel\\Lumen\\Application->sendThroughPipeline(Array, Object(Closure))
#21 D:\\newborn1212\\backend\\vendor\\laravel\\lumen-framework\\src\\Concerns\\RoutesRequests.php(112): Laravel\\Lumen\\Application->dispatch(NULL)
#22 D:\\newborn1212\\backend\\public\\index.php(28): Laravel\\Lumen\\Application->run()
#23 {main}
"} 
[2023-08-16 21:16:52] local.ERROR: Order direction must be "asc" or "desc". {"exception":"[object] (InvalidArgumentException(code: 0): Order direction must be \"asc\" or \"desc\". at D:\\newborn1212\\backend\\vendor\\illuminate\\database\\Query\\Builder.php:2046)
[stacktrace]
#0 D:\\newborn1212\\backend\\vendor\\illuminate\\support\\Traits\\ForwardsCalls.php(23): Illuminate\\Database\\Query\\Builder->orderBy('year', 'month', 'gender')
#1 D:\\newborn1212\\backend\\vendor\\illuminate\\database\\Eloquent\\Builder.php(1660): Illuminate\\Database\\Eloquent\\Builder->forwardCallTo(Object(Illuminate\\Database\\Query\\Builder), 'orderBy', Array)
#2 D:\\newborn1212\\backend\\app\\Http\\Controllers\\BabyController.php(109): Illuminate\\Database\\Eloquent\\Builder->__call('orderBy', Array)
#3 D:\\newborn1212\\backend\\vendor\\illuminate\\container\\BoundMethod.php(36): App\\Http\\Controllers\\BabyController->getAnalysisData(Object(Laravel\\Lumen\\Http\\Request))
#4 D:\\newborn1212\\backend\\vendor\\illuminate\\container\\Util.php(40): Illuminate\\Container\\BoundMethod::Illuminate\\Container\\{closure}()
#5 D:\\newborn1212\\backend\\vendor\\illuminate\\container\\BoundMethod.php(93): Illuminate\\Container\\Util::unwrapIfClosure(Object(Closure))
#6 D:\\newborn1212\\backend\\vendor\\illuminate\\container\\BoundMethod.php(37): Illuminate\\Container\\BoundMethod::callBoundMethod(Object(Laravel\\Lumen\\Application), Array, Object(Closure))
#7 D:\\newborn1212\\backend\\vendor\\illuminate\\container\\Container.php(653): Illuminate\\Container\\BoundMethod::call(Object(Laravel\\Lumen\\Application), Array, Array, NULL)
#8 D:\\newborn1212\\backend\\vendor\\laravel\\lumen-framework\\src\\Concerns\\RoutesRequests.php(389): Illuminate\\Container\\Container->call(Array, Array)
#9 D:\\newborn1212\\backend\\vendor\\laravel\\lumen-framework\\src\\Concerns\\RoutesRequests.php(355): Laravel\\Lumen\\Application->callControllerCallable(Array, Array)
#10 D:\\newborn1212\\backend\\vendor\\laravel\\lumen-framework\\src\\Concerns\\RoutesRequests.php(329): Laravel\\Lumen\\Application->callLumenController(Object(App\\Http\\Controllers\\BabyController), 'getAnalysisData', Array)
#11 D:\\newborn1212\\backend\\vendor\\laravel\\lumen-framework\\src\\Concerns\\RoutesRequests.php(282): Laravel\\Lumen\\Application->callControllerAction(Array)
#12 D:\\newborn1212\\backend\\vendor\\laravel\\lumen-framework\\src\\Concerns\\RoutesRequests.php(267): Laravel\\Lumen\\Application->callActionOnArrayBasedRoute(Array)
#13 D:\\newborn1212\\backend\\vendor\\laravel\\lumen-framework\\src\\Concerns\\RoutesRequests.php(169): Laravel\\Lumen\\Application->handleFoundRoute(Array)
#14 D:\\newborn1212\\backend\\vendor\\laravel\\lumen-framework\\src\\Routing\\Pipeline.php(48): Laravel\\Lumen\\Application->Laravel\\Lumen\\Concerns\\{closure}(Object(Laravel\\Lumen\\Http\\Request))
#15 D:\\newborn1212\\backend\\app\\Http\\Middleware\\CorsMiddleware.php(14): Laravel\\Lumen\\Routing\\Pipeline->Laravel\\Lumen\\Routing\\{closure}(Object(Laravel\\Lumen\\Http\\Request))
#16 D:\\newborn1212\\backend\\vendor\\illuminate\\pipeline\\Pipeline.php(167): App\\Http\\Middleware\\CorsMiddleware->handle(Object(Laravel\\Lumen\\Http\\Request), Object(Closure))
#17 D:\\newborn1212\\backend\\vendor\\laravel\\lumen-framework\\src\\Routing\\Pipeline.php(30): Illuminate\\Pipeline\\Pipeline->Illuminate\\Pipeline\\{closure}(Object(Laravel\\Lumen\\Http\\Request))
#18 D:\\newborn1212\\backend\\vendor\\illuminate\\pipeline\\Pipeline.php(103): Laravel\\Lumen\\Routing\\Pipeline->Laravel\\Lumen\\Routing\\{closure}(Object(Laravel\\Lumen\\Http\\Request))
#19 D:\\newborn1212\\backend\\vendor\\laravel\\lumen-framework\\src\\Concerns\\RoutesRequests.php(426): Illuminate\\Pipeline\\Pipeline->then(Object(Closure))
#20 D:\\newborn1212\\backend\\vendor\\laravel\\lumen-framework\\src\\Concerns\\RoutesRequests.php(175): Laravel\\Lumen\\Application->sendThroughPipeline(Array, Object(Closure))
#21 D:\\newborn1212\\backend\\vendor\\laravel\\lumen-framework\\src\\Concerns\\RoutesRequests.php(112): Laravel\\Lumen\\Application->dispatch(NULL)
#22 D:\\newborn1212\\backend\\public\\index.php(28): Laravel\\Lumen\\Application->run()
#23 {main}
"} 
[2023-08-16 21:16:56] local.ERROR: Order direction must be "asc" or "desc". {"exception":"[object] (InvalidArgumentException(code: 0): Order direction must be \"asc\" or \"desc\". at D:\\newborn1212\\backend\\vendor\\illuminate\\database\\Query\\Builder.php:2046)
[stacktrace]
#0 D:\\newborn1212\\backend\\vendor\\illuminate\\support\\Traits\\ForwardsCalls.php(23): Illuminate\\Database\\Query\\Builder->orderBy('year', 'month', 'gender')
#1 D:\\newborn1212\\backend\\vendor\\illuminate\\database\\Eloquent\\Builder.php(1660): Illuminate\\Database\\Eloquent\\Builder->forwardCallTo(Object(Illuminate\\Database\\Query\\Builder), 'orderBy', Array)
#2 D:\\newborn1212\\backend\\app\\Http\\Controllers\\BabyController.php(109): Illuminate\\Database\\Eloquent\\Builder->__call('orderBy', Array)
#3 D:\\newborn1212\\backend\\vendor\\illuminate\\container\\BoundMethod.php(36): App\\Http\\Controllers\\BabyController->getAnalysisData(Object(Laravel\\Lumen\\Http\\Request))
#4 D:\\newborn1212\\backend\\vendor\\illuminate\\container\\Util.php(40): Illuminate\\Container\\BoundMethod::Illuminate\\Container\\{closure}()
#5 D:\\newborn1212\\backend\\vendor\\illuminate\\container\\BoundMethod.php(93): Illuminate\\Container\\Util::unwrapIfClosure(Object(Closure))
#6 D:\\newborn1212\\backend\\vendor\\illuminate\\container\\BoundMethod.php(37): Illuminate\\Container\\BoundMethod::callBoundMethod(Object(Laravel\\Lumen\\Application), Array, Object(Closure))
#7 D:\\newborn1212\\backend\\vendor\\illuminate\\container\\Container.php(653): Illuminate\\Container\\BoundMethod::call(Object(Laravel\\Lumen\\Application), Array, Array, NULL)
#8 D:\\newborn1212\\backend\\vendor\\laravel\\lumen-framework\\src\\Concerns\\RoutesRequests.php(389): Illuminate\\Container\\Container->call(Array, Array)
#9 D:\\newborn1212\\backend\\vendor\\laravel\\lumen-framework\\src\\Concerns\\RoutesRequests.php(355): Laravel\\Lumen\\Application->callControllerCallable(Array, Array)
#10 D:\\newborn1212\\backend\\vendor\\laravel\\lumen-framework\\src\\Concerns\\RoutesRequests.php(329): Laravel\\Lumen\\Application->callLumenController(Object(App\\Http\\Controllers\\BabyController), 'getAnalysisData', Array)
#11 D:\\newborn1212\\backend\\vendor\\laravel\\lumen-framework\\src\\Concerns\\RoutesRequests.php(282): Laravel\\Lumen\\Application->callControllerAction(Array)
#12 D:\\newborn1212\\backend\\vendor\\laravel\\lumen-framework\\src\\Concerns\\RoutesRequests.php(267): Laravel\\Lumen\\Application->callActionOnArrayBasedRoute(Array)
#13 D:\\newborn1212\\backend\\vendor\\laravel\\lumen-framework\\src\\Concerns\\RoutesRequests.php(169): Laravel\\Lumen\\Application->handleFoundRoute(Array)
#14 D:\\newborn1212\\backend\\vendor\\laravel\\lumen-framework\\src\\Routing\\Pipeline.php(48): Laravel\\Lumen\\Application->Laravel\\Lumen\\Concerns\\{closure}(Object(Laravel\\Lumen\\Http\\Request))
#15 D:\\newborn1212\\backend\\app\\Http\\Middleware\\CorsMiddleware.php(14): Laravel\\Lumen\\Routing\\Pipeline->Laravel\\Lumen\\Routing\\{closure}(Object(Laravel\\Lumen\\Http\\Request))
#16 D:\\newborn1212\\backend\\vendor\\illuminate\\pipeline\\Pipeline.php(167): App\\Http\\Middleware\\CorsMiddleware->handle(Object(Laravel\\Lumen\\Http\\Request), Object(Closure))
#17 D:\\newborn1212\\backend\\vendor\\laravel\\lumen-framework\\src\\Routing\\Pipeline.php(30): Illuminate\\Pipeline\\Pipeline->Illuminate\\Pipeline\\{closure}(Object(Laravel\\Lumen\\Http\\Request))
#18 D:\\newborn1212\\backend\\vendor\\illuminate\\pipeline\\Pipeline.php(103): Laravel\\Lumen\\Routing\\Pipeline->Laravel\\Lumen\\Routing\\{closure}(Object(Laravel\\Lumen\\Http\\Request))
#19 D:\\newborn1212\\backend\\vendor\\laravel\\lumen-framework\\src\\Concerns\\RoutesRequests.php(426): Illuminate\\Pipeline\\Pipeline->then(Object(Closure))
#20 D:\\newborn1212\\backend\\vendor\\laravel\\lumen-framework\\src\\Concerns\\RoutesRequests.php(175): Laravel\\Lumen\\Application->sendThroughPipeline(Array, Object(Closure))
#21 D:\\newborn1212\\backend\\vendor\\laravel\\lumen-framework\\src\\Concerns\\RoutesRequests.php(112): Laravel\\Lumen\\Application->dispatch(NULL)
#22 D:\\newborn1212\\backend\\public\\index.php(28): Laravel\\Lumen\\Application->run()
#23 {main}
"} 
[2023-08-16 21:16:56] local.ERROR: Order direction must be "asc" or "desc". {"exception":"[object] (InvalidArgumentException(code: 0): Order direction must be \"asc\" or \"desc\". at D:\\newborn1212\\backend\\vendor\\illuminate\\database\\Query\\Builder.php:2046)
[stacktrace]
#0 D:\\newborn1212\\backend\\vendor\\illuminate\\support\\Traits\\ForwardsCalls.php(23): Illuminate\\Database\\Query\\Builder->orderBy('year', 'month', 'gender')
#1 D:\\newborn1212\\backend\\vendor\\illuminate\\database\\Eloquent\\Builder.php(1660): Illuminate\\Database\\Eloquent\\Builder->forwardCallTo(Object(Illuminate\\Database\\Query\\Builder), 'orderBy', Array)
#2 D:\\newborn1212\\backend\\app\\Http\\Controllers\\BabyController.php(109): Illuminate\\Database\\Eloquent\\Builder->__call('orderBy', Array)
#3 D:\\newborn1212\\backend\\vendor\\illuminate\\container\\BoundMethod.php(36): App\\Http\\Controllers\\BabyController->getAnalysisData(Object(Laravel\\Lumen\\Http\\Request))
#4 D:\\newborn1212\\backend\\vendor\\illuminate\\container\\Util.php(40): Illuminate\\Container\\BoundMethod::Illuminate\\Container\\{closure}()
#5 D:\\newborn1212\\backend\\vendor\\illuminate\\container\\BoundMethod.php(93): Illuminate\\Container\\Util::unwrapIfClosure(Object(Closure))
#6 D:\\newborn1212\\backend\\vendor\\illuminate\\container\\BoundMethod.php(37): Illuminate\\Container\\BoundMethod::callBoundMethod(Object(Laravel\\Lumen\\Application), Array, Object(Closure))
#7 D:\\newborn1212\\backend\\vendor\\illuminate\\container\\Container.php(653): Illuminate\\Container\\BoundMethod::call(Object(Laravel\\Lumen\\Application), Array, Array, NULL)
#8 D:\\newborn1212\\backend\\vendor\\laravel\\lumen-framework\\src\\Concerns\\RoutesRequests.php(389): Illuminate\\Container\\Container->call(Array, Array)
#9 D:\\newborn1212\\backend\\vendor\\laravel\\lumen-framework\\src\\Concerns\\RoutesRequests.php(355): Laravel\\Lumen\\Application->callControllerCallable(Array, Array)
#10 D:\\newborn1212\\backend\\vendor\\laravel\\lumen-framework\\src\\Concerns\\RoutesRequests.php(329): Laravel\\Lumen\\Application->callLumenController(Object(App\\Http\\Controllers\\BabyController), 'getAnalysisData', Array)
#11 D:\\newborn1212\\backend\\vendor\\laravel\\lumen-framework\\src\\Concerns\\RoutesRequests.php(282): Laravel\\Lumen\\Application->callControllerAction(Array)
#12 D:\\newborn1212\\backend\\vendor\\laravel\\lumen-framework\\src\\Concerns\\RoutesRequests.php(267): Laravel\\Lumen\\Application->callActionOnArrayBasedRoute(Array)
#13 D:\\newborn1212\\backend\\vendor\\laravel\\lumen-framework\\src\\Concerns\\RoutesRequests.php(169): Laravel\\Lumen\\Application->handleFoundRoute(Array)
#14 D:\\newborn1212\\backend\\vendor\\laravel\\lumen-framework\\src\\Routing\\Pipeline.php(48): Laravel\\Lumen\\Application->Laravel\\Lumen\\Concerns\\{closure}(Object(Laravel\\Lumen\\Http\\Request))
#15 D:\\newborn1212\\backend\\app\\Http\\Middleware\\CorsMiddleware.php(14): Laravel\\Lumen\\Routing\\Pipeline->Laravel\\Lumen\\Routing\\{closure}(Object(Laravel\\Lumen\\Http\\Request))
#16 D:\\newborn1212\\backend\\vendor\\illuminate\\pipeline\\Pipeline.php(167): App\\Http\\Middleware\\CorsMiddleware->handle(Object(Laravel\\Lumen\\Http\\Request), Object(Closure))
#17 D:\\newborn1212\\backend\\vendor\\laravel\\lumen-framework\\src\\Routing\\Pipeline.php(30): Illuminate\\Pipeline\\Pipeline->Illuminate\\Pipeline\\{closure}(Object(Laravel\\Lumen\\Http\\Request))
#18 D:\\newborn1212\\backend\\vendor\\illuminate\\pipeline\\Pipeline.php(103): Laravel\\Lumen\\Routing\\Pipeline->Laravel\\Lumen\\Routing\\{closure}(Object(Laravel\\Lumen\\Http\\Request))
#19 D:\\newborn1212\\backend\\vendor\\laravel\\lumen-framework\\src\\Concerns\\RoutesRequests.php(426): Illuminate\\Pipeline\\Pipeline->then(Object(Closure))
#20 D:\\newborn1212\\backend\\vendor\\laravel\\lumen-framework\\src\\Concerns\\RoutesRequests.php(175): Laravel\\Lumen\\Application->sendThroughPipeline(Array, Object(Closure))
#21 D:\\newborn1212\\backend\\vendor\\laravel\\lumen-framework\\src\\Concerns\\RoutesRequests.php(112): Laravel\\Lumen\\Application->dispatch(NULL)
#22 D:\\newborn1212\\backend\\public\\index.php(28): Laravel\\Lumen\\Application->run()
#23 {main}
"} 
